-------------------------------------------------------------------------------
Test set: Frontend.CountLastMonthIntegrationTest
-------------------------------------------------------------------------------
Tests run: 1, Failures: 1, Errors: 0, Skipped: 0, Time elapsed: 431.198 s <<< FAILURE! - in Frontend.CountLastMonthIntegrationTest
Frontend.CountLastMonthIntegrationTest.countLastMonthIntegrationTest  Time elapsed: 431.041 s  <<< FAILURE!
org.opentest4j.AssertionFailedError: Count of elements is equals ==> expected: <3> but was: <85>
	at Frontend.CountLastMonthIntegrationTest.countLastMonthIntegrationTest(CountLastMonthIntegrationTest.java:123)

