-------------------------------------------------------------------------------
Test set: Frontend.CountLastWeekIntegrationTest
-------------------------------------------------------------------------------
Tests run: 1, Failures: 1, Errors: 0, Skipped: 0, Time elapsed: 265.719 s <<< FAILURE! - in Frontend.CountLastWeekIntegrationTest
Frontend.CountLastWeekIntegrationTest.сountLastWeekIntegrationTest  Time elapsed: 265.623 s  <<< FAILURE!
org.opentest4j.AssertionFailedError: Count of elements is equals ==> expected: <18> but was: <10>
	at Frontend.CountLastWeekIntegrationTest.сountLastWeekIntegrationTest(CountLastWeekIntegrationTest.java:114)

